<?xml version="1.0" encoding="UTF-8"?>
<!-- Generated by org.testng.reporters.JUnitReportReporter -->
<testsuite hostname="DESKTOP-V82IFM3" name="com.telecom.test.AddCustomerTest" tests="1" failures="0" timestamp="18 Apr 2021 18:08:42 GMT" time="6.322" errors="0">
  <testcase name="addCustomer" time="6.322" classname="com.telecom.test.AddCustomerTest"/>
</testsuite> <!-- com.telecom.test.AddCustomerTest -->
