<?xml version="1.0" encoding="UTF-8"?>
<!-- Generated by org.testng.reporters.JUnitReportReporter -->
<testsuite hostname="DESKTOP-V82IFM3" name="com.telecom.test.AddTariffPlansTest" tests="1" failures="0" timestamp="18 Apr 2021 18:08:42 GMT" time="4.577" errors="0">
  <testcase name="addTariffPlansTest" time="4.577" classname="com.telecom.test.AddTariffPlansTest"/>
</testsuite> <!-- com.telecom.test.AddTariffPlansTest -->
